2024-03-28T17:09:52.448 | INFO | [ejemplo_2_logging.py] | [25] | ¡Hola Mundo!
2024-03-28T17:09:52.448 | ERROR | [ejemplo_2_logging.py] | [26] | Mqtt Local connection faild
2024-03-28T17:09:52.449 | WARNING | [ejemplo_2_logging.py] | [27] | No se pudo enviar el paquete MQTT
2024-03-28T17:13:55.581 | INFO | [ejemplo_2_logging.py] | [25] | ¡Hola Mundo!
2024-03-28T17:13:55.581 | ERROR | [ejemplo_2_logging.py] | [26] | Mqtt Local connection faild
2024-03-28T17:13:55.582 | WARNING | [ejemplo_2_logging.py] | [27] | No se pudo enviar el paquete MQTT
2024-03-28T17:35:49.572 | INFO | [ejemplo_3_signals_logging.py] | [76] | Mqtt Local conectado
2024-03-28T17:35:49.572 | INFO | [ejemplo_3_signals_logging.py] | [100] | Comienza thread procesamiento_local
2024-03-28T17:35:49.977 | INFO | [ejemplo_3_signals_logging.py] | [135] | Mqtt Remoto conectado
2024-03-29T11:49:24.733 | INFO | [ejemplo_3_signals_logging.py] | [127] | Termina thread procesamiento_local
2024-03-29T12:29:27.388 | INFO | [ejemplo_4_monitoreo.py] | [253] | Lanzar thread de procesamiento de MQTT local
2024-03-29T12:29:27.389 | INFO | [ejemplo_4_monitoreo.py] | [76] | Mqtt Local conectado
2024-03-29T12:29:27.390 | INFO | [ejemplo_4_monitoreo.py] | [100] | Comienza thread procesamiento_local
2024-03-29T12:29:27.390 | INFO | [ejemplo_4_monitoreo.py] | [257] | Lanzar thread de procesamiento de MQTT remoto
2024-03-29T12:29:27.392 | INFO | [ejemplo_4_monitoreo.py] | [155] | Comienza thread procesamiento_remoto
2024-03-29T12:29:27.753 | INFO | [ejemplo_4_monitoreo.py] | [135] | Mqtt Remoto conectado
2024-03-29T12:32:32.903 | INFO | [ejemplo_4_monitoreo.py] | [195] | Señal de terminar programa
2024-03-29T12:32:33.282 | INFO | [ejemplo_4_monitoreo.py] | [269] | Comenzando la finalización de los threads...
2024-03-29T12:32:33.283 | INFO | [ejemplo_4_monitoreo.py] | [127] | Termina thread procesamiento_local
2024-03-29T12:32:33.285 | INFO | [ejemplo_4_monitoreo.py] | [184] | Termina thread procesamiento_remoto
2024-03-29T12:32:35.780 | INFO | [ejemplo_4_monitoreo.py] | [254] | Lanzar thread de procesamiento de MQTT local
2024-03-29T12:32:35.781 | INFO | [ejemplo_4_monitoreo.py] | [76] | Mqtt Local conectado
2024-03-29T12:32:35.781 | INFO | [ejemplo_4_monitoreo.py] | [101] | Comienza thread procesamiento_local
2024-03-29T12:32:35.781 | INFO | [ejemplo_4_monitoreo.py] | [258] | Lanzar thread de procesamiento de MQTT remoto
2024-03-29T12:32:35.784 | INFO | [ejemplo_4_monitoreo.py] | [156] | Comienza thread procesamiento_remoto
2024-03-29T12:32:35.945 | INFO | [ejemplo_4_monitoreo.py] | [136] | Mqtt Remoto conectado
2024-03-29T12:36:21.110 | INFO | [ejemplo_4_monitoreo.py] | [196] | Señal de terminar programa
2024-03-29T12:36:21.120 | INFO | [ejemplo_4_monitoreo.py] | [128] | Termina thread procesamiento_local
2024-03-29T12:36:21.148 | INFO | [ejemplo_4_monitoreo.py] | [270] | Comenzando la finalización de los threads...
2024-03-29T12:36:21.150 | INFO | [ejemplo_4_monitoreo.py] | [185] | Termina thread procesamiento_remoto
2024-03-29T12:36:31.108 | INFO | [ejemplo_4_monitoreo.py] | [254] | Lanzar thread de procesamiento de MQTT local
2024-03-29T12:36:31.110 | INFO | [ejemplo_4_monitoreo.py] | [76] | Mqtt Local conectado
2024-03-29T12:36:31.113 | INFO | [ejemplo_4_monitoreo.py] | [101] | Comienza thread procesamiento_local
2024-03-29T12:36:31.113 | INFO | [ejemplo_4_monitoreo.py] | [258] | Lanzar thread de procesamiento de MQTT remoto
2024-03-29T12:36:31.120 | INFO | [ejemplo_4_monitoreo.py] | [156] | Comienza thread procesamiento_remoto
2024-03-29T12:36:31.272 | INFO | [ejemplo_4_monitoreo.py] | [136] | Mqtt Remoto conectado
2024-03-29T12:47:12.655 | INFO | [ejemplo_4_monitoreo.py] | [196] | Señal de terminar programa
2024-03-29T12:47:13.056 | INFO | [ejemplo_4_monitoreo.py] | [128] | Termina thread procesamiento_local
2024-03-29T12:47:13.263 | INFO | [ejemplo_4_monitoreo.py] | [270] | Comenzando la finalización de los threads...
2024-03-29T12:47:13.265 | INFO | [ejemplo_4_monitoreo.py] | [185] | Termina thread procesamiento_remoto
2024-03-29T12:47:18.337 | INFO | [ejemplo_4_monitoreo.py] | [255] | Lanzar thread de procesamiento de MQTT local
2024-03-29T12:47:18.338 | INFO | [ejemplo_4_monitoreo.py] | [101] | Comienza thread procesamiento_local
2024-03-29T12:47:18.338 | INFO | [ejemplo_4_monitoreo.py] | [259] | Lanzar thread de procesamiento de MQTT remoto
2024-03-29T12:47:18.339 | INFO | [ejemplo_4_monitoreo.py] | [76] | Mqtt Local conectado
2024-03-29T12:47:18.339 | INFO | [ejemplo_4_monitoreo.py] | [157] | Comienza thread procesamiento_remoto
2024-03-29T12:47:18.703 | INFO | [ejemplo_4_monitoreo.py] | [137] | Mqtt Remoto conectado
2024-03-29T13:17:40.425 | INFO | [ejemplo_5_keepalive.py] | [259] | Lanzar thread de procesamiento de MQTT local
2024-03-29T13:17:40.426 | INFO | [ejemplo_5_keepalive.py] | [76] | Mqtt Local conectado
2024-03-29T13:17:40.426 | INFO | [ejemplo_5_keepalive.py] | [101] | Comienza thread procesamiento_local
2024-03-29T13:17:40.427 | INFO | [ejemplo_5_keepalive.py] | [263] | Lanzar thread de procesamiento de MQTT remoto
2024-03-29T13:17:40.428 | INFO | [ejemplo_5_keepalive.py] | [157] | Comienza thread procesamiento_remoto
2024-03-29T13:17:40.592 | INFO | [ejemplo_5_keepalive.py] | [136] | Mqtt Remoto conectado
2024-03-29T13:17:41.429 | INFO | [ejemplo_4_monitoreo.py] | [76] | Mqtt Local conectado
2024-03-29T13:17:42.455 | INFO | [ejemplo_5_keepalive.py] | [76] | Mqtt Local conectado
2024-03-29T13:17:43.458 | INFO | [ejemplo_4_monitoreo.py] | [76] | Mqtt Local conectado
2024-03-29T13:17:44.515 | INFO | [ejemplo_5_keepalive.py] | [76] | Mqtt Local conectado
2024-03-29T13:17:45.520 | INFO | [ejemplo_4_monitoreo.py] | [76] | Mqtt Local conectado
2024-03-29T13:17:46.524 | INFO | [ejemplo_5_keepalive.py] | [76] | Mqtt Local conectado
2024-03-29T13:17:47.528 | INFO | [ejemplo_4_monitoreo.py] | [76] | Mqtt Local conectado
2024-03-29T13:17:48.529 | INFO | [ejemplo_5_keepalive.py] | [76] | Mqtt Local conectado
2024-03-29T13:17:49.532 | INFO | [ejemplo_4_monitoreo.py] | [76] | Mqtt Local conectado
2024-03-29T13:17:50.534 | INFO | [ejemplo_5_keepalive.py] | [76] | Mqtt Local conectado
2024-03-29T13:17:51.536 | INFO | [ejemplo_4_monitoreo.py] | [76] | Mqtt Local conectado
2024-03-29T13:17:52.538 | INFO | [ejemplo_5_keepalive.py] | [76] | Mqtt Local conectado
2024-03-29T13:17:53.539 | INFO | [ejemplo_4_monitoreo.py] | [76] | Mqtt Local conectado
2024-03-29T13:17:54.543 | INFO | [ejemplo_5_keepalive.py] | [76] | Mqtt Local conectado
2024-03-29T13:17:55.546 | INFO | [ejemplo_4_monitoreo.py] | [76] | Mqtt Local conectado
2024-03-29T13:17:56.549 | INFO | [ejemplo_5_keepalive.py] | [76] | Mqtt Local conectado
2024-03-29T13:17:57.552 | INFO | [ejemplo_4_monitoreo.py] | [76] | Mqtt Local conectado
2024-03-29T13:17:58.557 | INFO | [ejemplo_5_keepalive.py] | [76] | Mqtt Local conectado
2024-03-29T13:17:59.562 | INFO | [ejemplo_4_monitoreo.py] | [76] | Mqtt Local conectado
2024-03-29T13:18:00.566 | INFO | [ejemplo_5_keepalive.py] | [76] | Mqtt Local conectado
2024-03-29T13:18:01.568 | INFO | [ejemplo_4_monitoreo.py] | [76] | Mqtt Local conectado
2024-03-29T13:18:02.590 | INFO | [ejemplo_5_keepalive.py] | [76] | Mqtt Local conectado
2024-03-29T13:18:03.592 | INFO | [ejemplo_4_monitoreo.py] | [76] | Mqtt Local conectado
2024-03-29T13:18:04.596 | INFO | [ejemplo_5_keepalive.py] | [76] | Mqtt Local conectado
2024-03-29T13:18:05.600 | INFO | [ejemplo_4_monitoreo.py] | [76] | Mqtt Local conectado
2024-03-29T13:18:06.605 | INFO | [ejemplo_5_keepalive.py] | [76] | Mqtt Local conectado
2024-03-29T13:18:07.630 | INFO | [ejemplo_4_monitoreo.py] | [76] | Mqtt Local conectado
2024-03-29T13:18:08.631 | INFO | [ejemplo_5_keepalive.py] | [76] | Mqtt Local conectado
2024-03-29T13:18:09.669 | INFO | [ejemplo_4_monitoreo.py] | [76] | Mqtt Local conectado
2024-03-29T13:18:10.676 | INFO | [ejemplo_5_keepalive.py] | [76] | Mqtt Local conectado
2024-03-29T13:18:11.682 | INFO | [ejemplo_4_monitoreo.py] | [76] | Mqtt Local conectado
2024-03-29T13:18:12.684 | INFO | [ejemplo_5_keepalive.py] | [76] | Mqtt Local conectado
2024-03-29T13:18:13.687 | INFO | [ejemplo_4_monitoreo.py] | [76] | Mqtt Local conectado
2024-03-29T13:18:14.689 | INFO | [ejemplo_5_keepalive.py] | [76] | Mqtt Local conectado
2024-03-29T13:18:15.693 | INFO | [ejemplo_4_monitoreo.py] | [76] | Mqtt Local conectado
2024-03-29T13:18:16.695 | INFO | [ejemplo_5_keepalive.py] | [76] | Mqtt Local conectado
2024-03-29T13:18:17.705 | INFO | [ejemplo_4_monitoreo.py] | [76] | Mqtt Local conectado
2024-03-29T13:18:18.713 | INFO | [ejemplo_5_keepalive.py] | [76] | Mqtt Local conectado
2024-03-29T13:18:19.715 | INFO | [ejemplo_4_monitoreo.py] | [76] | Mqtt Local conectado
2024-03-29T13:18:20.718 | INFO | [ejemplo_5_keepalive.py] | [76] | Mqtt Local conectado
2024-03-29T13:18:21.721 | INFO | [ejemplo_4_monitoreo.py] | [76] | Mqtt Local conectado
2024-03-29T13:18:22.723 | INFO | [ejemplo_5_keepalive.py] | [76] | Mqtt Local conectado
2024-03-29T13:18:23.727 | INFO | [ejemplo_4_monitoreo.py] | [76] | Mqtt Local conectado
2024-03-29T13:18:24.730 | INFO | [ejemplo_5_keepalive.py] | [76] | Mqtt Local conectado
2024-03-29T13:18:25.742 | INFO | [ejemplo_4_monitoreo.py] | [76] | Mqtt Local conectado
2024-03-29T13:18:26.744 | INFO | [ejemplo_5_keepalive.py] | [76] | Mqtt Local conectado
2024-03-29T13:18:27.747 | INFO | [ejemplo_4_monitoreo.py] | [76] | Mqtt Local conectado
2024-03-29T13:18:28.750 | INFO | [ejemplo_5_keepalive.py] | [76] | Mqtt Local conectado
2024-03-29T13:18:29.754 | INFO | [ejemplo_4_monitoreo.py] | [76] | Mqtt Local conectado
2024-03-29T13:18:30.760 | INFO | [ejemplo_5_keepalive.py] | [76] | Mqtt Local conectado
2024-03-29T13:18:31.764 | INFO | [ejemplo_4_monitoreo.py] | [76] | Mqtt Local conectado
2024-03-29T13:18:32.766 | INFO | [ejemplo_5_keepalive.py] | [76] | Mqtt Local conectado
2024-03-29T13:18:33.771 | INFO | [ejemplo_4_monitoreo.py] | [76] | Mqtt Local conectado
2024-03-29T13:18:34.775 | INFO | [ejemplo_5_keepalive.py] | [76] | Mqtt Local conectado
2024-03-29T13:18:35.778 | INFO | [ejemplo_4_monitoreo.py] | [76] | Mqtt Local conectado
2024-03-29T13:18:36.785 | INFO | [ejemplo_5_keepalive.py] | [76] | Mqtt Local conectado
2024-03-29T13:18:37.788 | INFO | [ejemplo_4_monitoreo.py] | [76] | Mqtt Local conectado
2024-03-29T13:18:38.791 | INFO | [ejemplo_5_keepalive.py] | [76] | Mqtt Local conectado
2024-03-29T13:18:39.794 | INFO | [ejemplo_4_monitoreo.py] | [76] | Mqtt Local conectado
2024-03-29T13:18:40.796 | INFO | [ejemplo_5_keepalive.py] | [76] | Mqtt Local conectado
2024-03-29T13:18:41.798 | INFO | [ejemplo_4_monitoreo.py] | [76] | Mqtt Local conectado
2024-03-29T13:18:42.800 | INFO | [ejemplo_5_keepalive.py] | [76] | Mqtt Local conectado
2024-03-29T13:18:43.805 | INFO | [ejemplo_4_monitoreo.py] | [76] | Mqtt Local conectado
2024-03-29T13:18:44.809 | INFO | [ejemplo_5_keepalive.py] | [76] | Mqtt Local conectado
2024-03-29T13:18:45.813 | INFO | [ejemplo_4_monitoreo.py] | [76] | Mqtt Local conectado
2024-03-29T13:18:46.818 | INFO | [ejemplo_5_keepalive.py] | [76] | Mqtt Local conectado
2024-03-29T13:18:47.820 | INFO | [ejemplo_4_monitoreo.py] | [76] | Mqtt Local conectado
2024-03-29T13:18:48.824 | INFO | [ejemplo_5_keepalive.py] | [76] | Mqtt Local conectado
2024-03-29T13:18:49.826 | INFO | [ejemplo_4_monitoreo.py] | [76] | Mqtt Local conectado
2024-03-29T13:18:50.828 | INFO | [ejemplo_5_keepalive.py] | [76] | Mqtt Local conectado
2024-03-29T13:18:51.830 | INFO | [ejemplo_4_monitoreo.py] | [76] | Mqtt Local conectado
2024-03-29T13:18:52.840 | INFO | [ejemplo_5_keepalive.py] | [76] | Mqtt Local conectado
2024-03-29T13:18:53.851 | INFO | [ejemplo_4_monitoreo.py] | [76] | Mqtt Local conectado
2024-03-29T13:18:54.872 | INFO | [ejemplo_5_keepalive.py] | [76] | Mqtt Local conectado
2024-03-29T13:18:55.876 | INFO | [ejemplo_4_monitoreo.py] | [76] | Mqtt Local conectado
2024-03-29T13:18:56.879 | INFO | [ejemplo_5_keepalive.py] | [76] | Mqtt Local conectado
2024-03-29T13:18:57.881 | INFO | [ejemplo_4_monitoreo.py] | [76] | Mqtt Local conectado
2024-03-29T13:18:58.885 | INFO | [ejemplo_5_keepalive.py] | [76] | Mqtt Local conectado
2024-03-29T13:18:59.904 | INFO | [ejemplo_4_monitoreo.py] | [76] | Mqtt Local conectado
2024-03-29T13:19:00.998 | INFO | [ejemplo_5_keepalive.py] | [76] | Mqtt Local conectado
2024-03-29T13:19:02.001 | INFO | [ejemplo_4_monitoreo.py] | [76] | Mqtt Local conectado
2024-03-29T13:19:03.024 | INFO | [ejemplo_5_keepalive.py] | [76] | Mqtt Local conectado
2024-03-29T13:19:04.027 | INFO | [ejemplo_4_monitoreo.py] | [76] | Mqtt Local conectado
2024-03-29T13:19:05.034 | INFO | [ejemplo_5_keepalive.py] | [76] | Mqtt Local conectado
2024-03-29T13:19:06.035 | INFO | [ejemplo_4_monitoreo.py] | [76] | Mqtt Local conectado
2024-03-29T13:19:07.038 | INFO | [ejemplo_5_keepalive.py] | [76] | Mqtt Local conectado
2024-03-29T13:19:08.042 | INFO | [ejemplo_4_monitoreo.py] | [76] | Mqtt Local conectado
2024-03-29T13:19:09.045 | INFO | [ejemplo_5_keepalive.py] | [76] | Mqtt Local conectado
2024-03-29T13:19:10.046 | INFO | [ejemplo_4_monitoreo.py] | [76] | Mqtt Local conectado
2024-03-29T13:19:11.048 | INFO | [ejemplo_5_keepalive.py] | [76] | Mqtt Local conectado
2024-03-29T13:19:12.079 | INFO | [ejemplo_4_monitoreo.py] | [76] | Mqtt Local conectado
2024-03-29T13:19:13.082 | INFO | [ejemplo_5_keepalive.py] | [76] | Mqtt Local conectado
2024-03-29T13:19:14.083 | INFO | [ejemplo_4_monitoreo.py] | [76] | Mqtt Local conectado
2024-03-29T13:19:15.086 | INFO | [ejemplo_5_keepalive.py] | [76] | Mqtt Local conectado
2024-03-29T13:19:16.090 | INFO | [ejemplo_4_monitoreo.py] | [76] | Mqtt Local conectado
2024-03-29T13:19:17.093 | INFO | [ejemplo_5_keepalive.py] | [76] | Mqtt Local conectado
2024-03-29T13:19:18.098 | INFO | [ejemplo_4_monitoreo.py] | [76] | Mqtt Local conectado
2024-03-29T13:19:19.100 | INFO | [ejemplo_5_keepalive.py] | [76] | Mqtt Local conectado
2024-03-29T13:19:20.102 | INFO | [ejemplo_4_monitoreo.py] | [76] | Mqtt Local conectado
2024-03-29T13:19:21.108 | INFO | [ejemplo_5_keepalive.py] | [76] | Mqtt Local conectado
2024-03-29T13:19:22.113 | INFO | [ejemplo_4_monitoreo.py] | [76] | Mqtt Local conectado
2024-03-29T13:19:23.155 | INFO | [ejemplo_5_keepalive.py] | [76] | Mqtt Local conectado
2024-03-29T13:19:24.157 | INFO | [ejemplo_4_monitoreo.py] | [76] | Mqtt Local conectado
2024-03-29T13:19:25.162 | INFO | [ejemplo_5_keepalive.py] | [76] | Mqtt Local conectado
2024-03-29T13:19:26.164 | INFO | [ejemplo_4_monitoreo.py] | [76] | Mqtt Local conectado
2024-03-29T13:19:27.166 | INFO | [ejemplo_5_keepalive.py] | [76] | Mqtt Local conectado
2024-03-29T13:19:28.170 | INFO | [ejemplo_4_monitoreo.py] | [76] | Mqtt Local conectado
2024-03-29T13:19:29.175 | INFO | [ejemplo_5_keepalive.py] | [76] | Mqtt Local conectado
2024-03-29T13:19:30.199 | INFO | [ejemplo_4_monitoreo.py] | [76] | Mqtt Local conectado
2024-03-29T13:19:31.217 | INFO | [ejemplo_5_keepalive.py] | [76] | Mqtt Local conectado
2024-03-29T13:19:32.218 | INFO | [ejemplo_4_monitoreo.py] | [76] | Mqtt Local conectado
2024-03-29T13:19:33.220 | INFO | [ejemplo_5_keepalive.py] | [76] | Mqtt Local conectado
2024-03-29T13:19:34.247 | INFO | [ejemplo_4_monitoreo.py] | [76] | Mqtt Local conectado
2024-03-29T13:19:35.252 | INFO | [ejemplo_5_keepalive.py] | [76] | Mqtt Local conectado
2024-03-29T13:19:36.256 | INFO | [ejemplo_4_monitoreo.py] | [76] | Mqtt Local conectado
2024-03-29T13:19:37.268 | INFO | [ejemplo_5_keepalive.py] | [76] | Mqtt Local conectado
2024-03-29T13:19:38.271 | INFO | [ejemplo_4_monitoreo.py] | [76] | Mqtt Local conectado
2024-03-29T13:19:39.274 | INFO | [ejemplo_5_keepalive.py] | [76] | Mqtt Local conectado
2024-03-29T13:19:40.278 | INFO | [ejemplo_4_monitoreo.py] | [76] | Mqtt Local conectado
2024-03-29T13:19:41.281 | INFO | [ejemplo_5_keepalive.py] | [76] | Mqtt Local conectado
2024-03-29T13:19:42.283 | INFO | [ejemplo_4_monitoreo.py] | [76] | Mqtt Local conectado
2024-03-29T13:19:43.285 | INFO | [ejemplo_5_keepalive.py] | [76] | Mqtt Local conectado
2024-03-29T13:19:44.288 | INFO | [ejemplo_4_monitoreo.py] | [76] | Mqtt Local conectado
2024-03-29T13:19:45.290 | INFO | [ejemplo_5_keepalive.py] | [76] | Mqtt Local conectado
2024-03-29T13:19:46.291 | INFO | [ejemplo_4_monitoreo.py] | [76] | Mqtt Local conectado
2024-03-29T13:19:47.294 | INFO | [ejemplo_5_keepalive.py] | [76] | Mqtt Local conectado
2024-03-29T13:19:48.296 | INFO | [ejemplo_4_monitoreo.py] | [76] | Mqtt Local conectado
2024-03-29T13:19:49.299 | INFO | [ejemplo_5_keepalive.py] | [76] | Mqtt Local conectado
2024-03-29T13:19:50.304 | INFO | [ejemplo_4_monitoreo.py] | [76] | Mqtt Local conectado
2024-03-29T13:19:51.307 | INFO | [ejemplo_5_keepalive.py] | [76] | Mqtt Local conectado
2024-03-29T13:19:52.310 | INFO | [ejemplo_4_monitoreo.py] | [76] | Mqtt Local conectado
2024-03-29T13:19:53.315 | INFO | [ejemplo_5_keepalive.py] | [76] | Mqtt Local conectado
2024-03-29T13:19:54.317 | INFO | [ejemplo_4_monitoreo.py] | [76] | Mqtt Local conectado
2024-03-29T13:19:55.321 | INFO | [ejemplo_5_keepalive.py] | [76] | Mqtt Local conectado
2024-03-29T13:19:56.325 | INFO | [ejemplo_4_monitoreo.py] | [76] | Mqtt Local conectado
2024-03-29T13:19:57.339 | INFO | [ejemplo_5_keepalive.py] | [76] | Mqtt Local conectado
2024-03-29T13:19:58.346 | INFO | [ejemplo_4_monitoreo.py] | [76] | Mqtt Local conectado
2024-03-29T13:19:59.387 | INFO | [ejemplo_5_keepalive.py] | [76] | Mqtt Local conectado
2024-03-29T13:20:00.390 | INFO | [ejemplo_4_monitoreo.py] | [76] | Mqtt Local conectado
2024-03-29T13:20:01.405 | INFO | [ejemplo_5_keepalive.py] | [76] | Mqtt Local conectado
2024-03-29T13:20:02.409 | INFO | [ejemplo_4_monitoreo.py] | [76] | Mqtt Local conectado
2024-03-29T13:20:03.413 | INFO | [ejemplo_5_keepalive.py] | [76] | Mqtt Local conectado
2024-03-29T13:20:04.414 | INFO | [ejemplo_4_monitoreo.py] | [76] | Mqtt Local conectado
2024-03-29T13:20:05.431 | INFO | [ejemplo_5_keepalive.py] | [76] | Mqtt Local conectado
2024-03-29T13:20:06.435 | INFO | [ejemplo_4_monitoreo.py] | [76] | Mqtt Local conectado
2024-03-29T13:20:07.440 | INFO | [ejemplo_5_keepalive.py] | [76] | Mqtt Local conectado
2024-03-29T13:20:08.441 | INFO | [ejemplo_4_monitoreo.py] | [76] | Mqtt Local conectado
2024-03-29T13:20:09.444 | INFO | [ejemplo_5_keepalive.py] | [76] | Mqtt Local conectado
2024-03-29T13:20:10.446 | INFO | [ejemplo_4_monitoreo.py] | [76] | Mqtt Local conectado
2024-03-29T13:20:11.449 | INFO | [ejemplo_5_keepalive.py] | [76] | Mqtt Local conectado
2024-03-29T13:20:12.451 | INFO | [ejemplo_4_monitoreo.py] | [76] | Mqtt Local conectado
2024-03-29T13:20:13.454 | INFO | [ejemplo_5_keepalive.py] | [76] | Mqtt Local conectado
2024-03-29T13:20:14.456 | INFO | [ejemplo_4_monitoreo.py] | [76] | Mqtt Local conectado
2024-03-29T13:20:15.460 | INFO | [ejemplo_5_keepalive.py] | [76] | Mqtt Local conectado
2024-03-29T13:20:16.464 | INFO | [ejemplo_4_monitoreo.py] | [76] | Mqtt Local conectado
2024-03-29T13:20:17.466 | INFO | [ejemplo_5_keepalive.py] | [76] | Mqtt Local conectado
2024-03-29T13:20:18.468 | INFO | [ejemplo_4_monitoreo.py] | [76] | Mqtt Local conectado
2024-03-29T13:20:19.480 | INFO | [ejemplo_5_keepalive.py] | [76] | Mqtt Local conectado
2024-03-29T13:20:20.485 | INFO | [ejemplo_4_monitoreo.py] | [76] | Mqtt Local conectado
2024-03-29T13:20:21.487 | INFO | [ejemplo_5_keepalive.py] | [76] | Mqtt Local conectado
2024-03-29T13:20:22.491 | INFO | [ejemplo_4_monitoreo.py] | [76] | Mqtt Local conectado
2024-03-29T13:20:23.494 | INFO | [ejemplo_5_keepalive.py] | [76] | Mqtt Local conectado
2024-03-29T13:20:24.499 | INFO | [ejemplo_4_monitoreo.py] | [76] | Mqtt Local conectado
2024-03-29T13:20:25.519 | INFO | [ejemplo_5_keepalive.py] | [76] | Mqtt Local conectado
2024-03-29T13:20:26.545 | INFO | [ejemplo_4_monitoreo.py] | [76] | Mqtt Local conectado
2024-03-29T13:20:27.548 | INFO | [ejemplo_5_keepalive.py] | [76] | Mqtt Local conectado
